<?xml version="1.0" encoding="UTF-8"?>
<!-- Generated by org.testng.reporters.JUnitReportReporter -->
<testsuite skipped="0" hostname="DESKTOP-NVSP8IV" name="Tests.ImdbTests" tests="2" failures="0" timestamp="2019-10-17T15:04:23 IDT" time="6.448" errors="0">
  <testcase name="test01_searchValue" time="5.959" classname="Tests.ImdbTests"/>
  <testcase name="test02_DB" time="0.489" classname="Tests.ImdbTests"/>
</testsuite> <!-- Tests.ImdbTests -->
