<?xml version="1.0" encoding="UTF-8"?>
<!-- Generated by org.testng.reporters.JUnitReportReporter -->
<testsuite hostname="DESKTOP-NVSP8IV" name="Tests.DBTest" tests="1" failures="0" timestamp="6 Oct 2019 08:41:06 GMT" time="0.847" errors="0">
  <testcase name="test01_getInfo" time="0.847" classname="Tests.DBTest"/>
</testsuite> <!-- Tests.DBTest -->
