<?xml version="1.0" encoding="UTF-8"?>
<!-- Generated by org.testng.reporters.JUnitReportReporter -->
<testsuite skipped="0" hostname="DESKTOP-NVSP8IV" name="Tests.DesktopCalculator" tests="1" failures="0" timestamp="2019-10-17T15:04:23 IDT" time="2.861" errors="0">
  <testcase name="test01_veriffyPlus2Numbers" time="2.861" classname="Tests.DesktopCalculator"/>
</testsuite> <!-- Tests.DesktopCalculator -->
